"Severity","ThreadID","Date","Time","Application","Message"
"ERROR","http-nio-8080-exec-6","07/23/2016","06:27:26","","query tag;lucee.runtime.exp.DatabaseException
ERROR: relation ""residents"" does not exist;lucee.runtime.exp.DatabaseException: 
	at org.postgresql.core.v3.QueryExecutorImpl.receiveErrorResponse(QueryExecutorImpl.java:1608)
	at org.postgresql.core.v3.QueryExecutorImpl.processResults(QueryExecutorImpl.java:1343)
	at org.postgresql.core.v3.QueryExecutorImpl.execute(QueryExecutorImpl.java:194)
	at org.postgresql.jdbc2.AbstractJdbc2Statement.execute(AbstractJdbc2Statement.java:470)
	at org.postgresql.jdbc2.AbstractJdbc2Statement.executeWithFlags(AbstractJdbc2Statement.java:369)
	at org.postgresql.jdbc2.AbstractJdbc2Statement.execute(AbstractJdbc2Statement.java:362)
	at lucee.runtime.type.util.QueryUtil.execute(QueryUtil.java:265)
	at lucee.runtime.type.QueryImpl.execute(QueryImpl.java:274)
	at lucee.runtime.type.QueryImpl.<init>(QueryImpl.java:219)
	at lucee.runtime.tag.Query.executeDatasoure(Query.java:820)
	at lucee.runtime.tag.Query.doEndTag(Query.java:583)
	at residents.login_cfm$cf.call(/home/cybatrol/residents/login.cfm:9)
	at lucee.runtime.PageContextImpl._doInclude(PageContextImpl.java:893)
	at lucee.runtime.PageContextImpl.doInclude(PageContextImpl.java:808)
	at lucee.runtime.PageContextImpl.doInclude(PageContextImpl.java:803)
	at lucee.runtime.listener.ClassicAppListener._onRequest(ClassicAppListener.java:62)
	at lucee.runtime.listener.MixedAppListener.onRequest(MixedAppListener.java:44)
	at lucee.runtime.PageContextImpl.execute(PageContextImpl.java:2250)
	at lucee.runtime.PageContextImpl._execute(PageContextImpl.java:2242)
	at lucee.runtime.PageContextImpl.executeCFML(PageContextImpl.java:2210)
	at lucee.runtime.engine.CFMLEngineImpl.serviceCFML(CFMLEngineImpl.java:846)
	at lucee.loader.engine.CFMLEngineWrapper.serviceCFML(CFMLEngineWrapper.java:103)
	at lucee.loader.servlet.CFMLServlet.service(CFMLServlet.java:62)
	at javax.servlet.http.HttpServlet.service(HttpServlet.java:729)
	at org.apache.catalina.core.ApplicationFilterChain.internalDoFilter(ApplicationFilterChain.java:292)
	at org.apache.catalina.core.ApplicationFilterChain.doFilter(ApplicationFilterChain.java:207)
	at org.apache.tomcat.websocket.server.WsFilter.doFilter(WsFilter.java:52)
	at org.apache.catalina.core.ApplicationFilterChain.internalDoFilter(ApplicationFilterChain.java:240)
	at org.apache.catalina.core.ApplicationFilterChain.doFilter(ApplicationFilterChain.java:207)
	at org.apache.catalina.core.StandardWrapperValve.invoke(StandardWrapperValve.java:212)
	at org.apache.catalina.core.StandardContextValve.invoke(StandardContextValve.java:106)
	at org.apache.catalina.authenticator.AuthenticatorBase.invoke(AuthenticatorBase.java:502)
	at org.apache.catalina.core.StandardHostValve.invoke(StandardHostValve.java:141)
	at org.apache.catalina.valves.ErrorReportValve.invoke(ErrorReportValve.java:79)
	at org.apache.catalina.core.StandardEngineValve.invoke(StandardEngineValve.java:88)
	at org.apache.catalina.connector.CoyoteAdapter.service(CoyoteAdapter.java:528)
	at org.apache.coyote.http11.AbstractHttp11Processor.process(AbstractHttp11Processor.java:1099)
	at org.apache.coyote.AbstractProtocol$AbstractConnectionHandler.process(AbstractProtocol.java:672)
	at org.apache.tomcat.util.net.NioEndpoint$SocketProcessor.doRun(NioEndpoint.java:1520)
	at org.apache.tomcat.util.net.NioEndpoint$SocketProcessor.run(NioEndpoint.java:1476)
	at java.util.concurrent.ThreadPoolExecutor.runWorker(ThreadPoolExecutor.java:1142)
	at java.util.concurrent.ThreadPoolExecutor$Worker.run(ThreadPoolExecutor.java:617)
	at org.apache.tomcat.util.threads.TaskThread$WrappingRunnable.run(TaskThread.java:61)
	at java.lang.Thread.run(Thread.java:745)
"
"ERROR","http-nio-8080-exec-9","07/23/2016","06:27:48","","query tag;lucee.runtime.exp.DatabaseException
ERROR: relation ""residents"" does not exist;lucee.runtime.exp.DatabaseException: 
	at org.postgresql.core.v3.QueryExecutorImpl.receiveErrorResponse(QueryExecutorImpl.java:1608)
	at org.postgresql.core.v3.QueryExecutorImpl.processResults(QueryExecutorImpl.java:1343)
	at org.postgresql.core.v3.QueryExecutorImpl.execute(QueryExecutorImpl.java:194)
	at org.postgresql.jdbc2.AbstractJdbc2Statement.execute(AbstractJdbc2Statement.java:470)
	at org.postgresql.jdbc2.AbstractJdbc2Statement.executeWithFlags(AbstractJdbc2Statement.java:369)
	at org.postgresql.jdbc2.AbstractJdbc2Statement.execute(AbstractJdbc2Statement.java:362)
	at lucee.runtime.type.util.QueryUtil.execute(QueryUtil.java:265)
	at lucee.runtime.type.QueryImpl.execute(QueryImpl.java:274)
	at lucee.runtime.type.QueryImpl.<init>(QueryImpl.java:219)
	at lucee.runtime.tag.Query.executeDatasoure(Query.java:820)
	at lucee.runtime.tag.Query.doEndTag(Query.java:583)
	at login.forgot_cfm$cf.call(/home/cybatrol/login/forgot.cfm:67)
	at lucee.runtime.PageContextImpl._doInclude(PageContextImpl.java:893)
	at lucee.runtime.PageContextImpl.doInclude(PageContextImpl.java:808)
	at lucee.runtime.PageContextImpl.doInclude(PageContextImpl.java:803)
	at lucee.runtime.listener.ClassicAppListener._onRequest(ClassicAppListener.java:62)
	at lucee.runtime.listener.MixedAppListener.onRequest(MixedAppListener.java:44)
	at lucee.runtime.PageContextImpl.execute(PageContextImpl.java:2250)
	at lucee.runtime.PageContextImpl._execute(PageContextImpl.java:2242)
	at lucee.runtime.PageContextImpl.executeCFML(PageContextImpl.java:2210)
	at lucee.runtime.engine.CFMLEngineImpl.serviceCFML(CFMLEngineImpl.java:846)
	at lucee.loader.engine.CFMLEngineWrapper.serviceCFML(CFMLEngineWrapper.java:103)
	at lucee.loader.servlet.CFMLServlet.service(CFMLServlet.java:62)
	at javax.servlet.http.HttpServlet.service(HttpServlet.java:729)
	at org.apache.catalina.core.ApplicationFilterChain.internalDoFilter(ApplicationFilterChain.java:292)
	at org.apache.catalina.core.ApplicationFilterChain.doFilter(ApplicationFilterChain.java:207)
	at org.apache.tomcat.websocket.server.WsFilter.doFilter(WsFilter.java:52)
	at org.apache.catalina.core.ApplicationFilterChain.internalDoFilter(ApplicationFilterChain.java:240)
	at org.apache.catalina.core.ApplicationFilterChain.doFilter(ApplicationFilterChain.java:207)
	at org.apache.catalina.core.StandardWrapperValve.invoke(StandardWrapperValve.java:212)
	at org.apache.catalina.core.StandardContextValve.invoke(StandardContextValve.java:106)
	at org.apache.catalina.authenticator.AuthenticatorBase.invoke(AuthenticatorBase.java:502)
	at org.apache.catalina.core.StandardHostValve.invoke(StandardHostValve.java:141)
	at org.apache.catalina.valves.ErrorReportValve.invoke(ErrorReportValve.java:79)
	at org.apache.catalina.core.StandardEngineValve.invoke(StandardEngineValve.java:88)
	at org.apache.catalina.connector.CoyoteAdapter.service(CoyoteAdapter.java:528)
	at org.apache.coyote.http11.AbstractHttp11Processor.process(AbstractHttp11Processor.java:1099)
	at org.apache.coyote.AbstractProtocol$AbstractConnectionHandler.process(AbstractProtocol.java:672)
	at org.apache.tomcat.util.net.NioEndpoint$SocketProcessor.doRun(NioEndpoint.java:1520)
	at org.apache.tomcat.util.net.NioEndpoint$SocketProcessor.run(NioEndpoint.java:1476)
	at java.util.concurrent.ThreadPoolExecutor.runWorker(ThreadPoolExecutor.java:1142)
	at java.util.concurrent.ThreadPoolExecutor$Worker.run(ThreadPoolExecutor.java:617)
	at org.apache.tomcat.util.threads.TaskThread$WrappingRunnable.run(TaskThread.java:61)
	at java.lang.Thread.run(Thread.java:745)
"
"ERROR","http-nio-8080-exec-6","07/23/2016","06:34:54","","query tag;lucee.runtime.exp.DatabaseException
ERROR: permission denied for relation residents;lucee.runtime.exp.DatabaseException: 
	at org.postgresql.core.v3.QueryExecutorImpl.receiveErrorResponse(QueryExecutorImpl.java:1608)
	at org.postgresql.core.v3.QueryExecutorImpl.processResults(QueryExecutorImpl.java:1343)
	at org.postgresql.core.v3.QueryExecutorImpl.execute(QueryExecutorImpl.java:194)
	at org.postgresql.jdbc2.AbstractJdbc2Statement.execute(AbstractJdbc2Statement.java:470)
	at org.postgresql.jdbc2.AbstractJdbc2Statement.executeWithFlags(AbstractJdbc2Statement.java:369)
	at org.postgresql.jdbc2.AbstractJdbc2Statement.execute(AbstractJdbc2Statement.java:362)
	at lucee.runtime.type.util.QueryUtil.execute(QueryUtil.java:265)
	at lucee.runtime.type.QueryImpl.execute(QueryImpl.java:274)
	at lucee.runtime.type.QueryImpl.<init>(QueryImpl.java:219)
	at lucee.runtime.tag.Query.executeDatasoure(Query.java:820)
	at lucee.runtime.tag.Query.doEndTag(Query.java:583)
	at residents.login_cfm$cf.call(/home/cybatrol/residents/login.cfm:9)
	at lucee.runtime.PageContextImpl._doInclude(PageContextImpl.java:893)
	at lucee.runtime.PageContextImpl.doInclude(PageContextImpl.java:808)
	at lucee.runtime.PageContextImpl.doInclude(PageContextImpl.java:803)
	at lucee.runtime.listener.ClassicAppListener._onRequest(ClassicAppListener.java:62)
	at lucee.runtime.listener.MixedAppListener.onRequest(MixedAppListener.java:44)
	at lucee.runtime.PageContextImpl.execute(PageContextImpl.java:2250)
	at lucee.runtime.PageContextImpl._execute(PageContextImpl.java:2242)
	at lucee.runtime.PageContextImpl.executeCFML(PageContextImpl.java:2210)
	at lucee.runtime.engine.CFMLEngineImpl.serviceCFML(CFMLEngineImpl.java:846)
	at lucee.loader.engine.CFMLEngineWrapper.serviceCFML(CFMLEngineWrapper.java:103)
	at lucee.loader.servlet.CFMLServlet.service(CFMLServlet.java:62)
	at javax.servlet.http.HttpServlet.service(HttpServlet.java:729)
	at org.apache.catalina.core.ApplicationFilterChain.internalDoFilter(ApplicationFilterChain.java:292)
	at org.apache.catalina.core.ApplicationFilterChain.doFilter(ApplicationFilterChain.java:207)
	at org.apache.tomcat.websocket.server.WsFilter.doFilter(WsFilter.java:52)
	at org.apache.catalina.core.ApplicationFilterChain.internalDoFilter(ApplicationFilterChain.java:240)
	at org.apache.catalina.core.ApplicationFilterChain.doFilter(ApplicationFilterChain.java:207)
	at org.apache.catalina.core.StandardWrapperValve.invoke(StandardWrapperValve.java:212)
	at org.apache.catalina.core.StandardContextValve.invoke(StandardContextValve.java:106)
	at org.apache.catalina.authenticator.AuthenticatorBase.invoke(AuthenticatorBase.java:502)
	at org.apache.catalina.core.StandardHostValve.invoke(StandardHostValve.java:141)
	at org.apache.catalina.valves.ErrorReportValve.invoke(ErrorReportValve.java:79)
	at org.apache.catalina.core.StandardEngineValve.invoke(StandardEngineValve.java:88)
	at org.apache.catalina.connector.CoyoteAdapter.service(CoyoteAdapter.java:528)
	at org.apache.coyote.http11.AbstractHttp11Processor.process(AbstractHttp11Processor.java:1099)
	at org.apache.coyote.AbstractProtocol$AbstractConnectionHandler.process(AbstractProtocol.java:672)
	at org.apache.tomcat.util.net.NioEndpoint$SocketProcessor.doRun(NioEndpoint.java:1520)
	at org.apache.tomcat.util.net.NioEndpoint$SocketProcessor.run(NioEndpoint.java:1476)
	at java.util.concurrent.ThreadPoolExecutor.runWorker(ThreadPoolExecutor.java:1142)
	at java.util.concurrent.ThreadPoolExecutor$Worker.run(ThreadPoolExecutor.java:617)
	at org.apache.tomcat.util.threads.TaskThread$WrappingRunnable.run(TaskThread.java:61)
	at java.lang.Thread.run(Thread.java:745)
"
"ERROR","http-nio-8080-exec-4","07/23/2016","06:35:53","","query tag;lucee.runtime.exp.DatabaseException
ERROR: permission denied for relation staff;lucee.runtime.exp.DatabaseException: 
	at org.postgresql.core.v3.QueryExecutorImpl.receiveErrorResponse(QueryExecutorImpl.java:1608)
	at org.postgresql.core.v3.QueryExecutorImpl.processResults(QueryExecutorImpl.java:1343)
	at org.postgresql.core.v3.QueryExecutorImpl.execute(QueryExecutorImpl.java:194)
	at org.postgresql.jdbc2.AbstractJdbc2Statement.execute(AbstractJdbc2Statement.java:470)
	at org.postgresql.jdbc2.AbstractJdbc2Statement.executeWithFlags(AbstractJdbc2Statement.java:369)
	at org.postgresql.jdbc2.AbstractJdbc2Statement.execute(AbstractJdbc2Statement.java:362)
	at lucee.runtime.type.util.QueryUtil.execute(QueryUtil.java:265)
	at lucee.runtime.type.QueryImpl.execute(QueryImpl.java:274)
	at lucee.runtime.type.QueryImpl.<init>(QueryImpl.java:219)
	at lucee.runtime.tag.Query.executeDatasoure(Query.java:820)
	at lucee.runtime.tag.Query.doEndTag(Query.java:583)
	at staff.login_cfm$cf.call(/home/cybatrol/staff/login.cfm:12)
	at lucee.runtime.PageContextImpl._doInclude(PageContextImpl.java:893)
	at lucee.runtime.PageContextImpl.doInclude(PageContextImpl.java:808)
	at lucee.runtime.PageContextImpl.doInclude(PageContextImpl.java:803)
	at lucee.runtime.listener.ClassicAppListener._onRequest(ClassicAppListener.java:62)
	at lucee.runtime.listener.MixedAppListener.onRequest(MixedAppListener.java:44)
	at lucee.runtime.PageContextImpl.execute(PageContextImpl.java:2250)
	at lucee.runtime.PageContextImpl._execute(PageContextImpl.java:2242)
	at lucee.runtime.PageContextImpl.executeCFML(PageContextImpl.java:2210)
	at lucee.runtime.engine.CFMLEngineImpl.serviceCFML(CFMLEngineImpl.java:846)
	at lucee.loader.engine.CFMLEngineWrapper.serviceCFML(CFMLEngineWrapper.java:103)
	at lucee.loader.servlet.CFMLServlet.service(CFMLServlet.java:62)
	at javax.servlet.http.HttpServlet.service(HttpServlet.java:729)
	at org.apache.catalina.core.ApplicationFilterChain.internalDoFilter(ApplicationFilterChain.java:292)
	at org.apache.catalina.core.ApplicationFilterChain.doFilter(ApplicationFilterChain.java:207)
	at org.apache.tomcat.websocket.server.WsFilter.doFilter(WsFilter.java:52)
	at org.apache.catalina.core.ApplicationFilterChain.internalDoFilter(ApplicationFilterChain.java:240)
	at org.apache.catalina.core.ApplicationFilterChain.doFilter(ApplicationFilterChain.java:207)
	at org.apache.catalina.core.StandardWrapperValve.invoke(StandardWrapperValve.java:212)
	at org.apache.catalina.core.StandardContextValve.invoke(StandardContextValve.java:106)
	at org.apache.catalina.authenticator.AuthenticatorBase.invoke(AuthenticatorBase.java:502)
	at org.apache.catalina.core.StandardHostValve.invoke(StandardHostValve.java:141)
	at org.apache.catalina.valves.ErrorReportValve.invoke(ErrorReportValve.java:79)
	at org.apache.catalina.core.StandardEngineValve.invoke(StandardEngineValve.java:88)
	at org.apache.catalina.connector.CoyoteAdapter.service(CoyoteAdapter.java:528)
	at org.apache.coyote.http11.AbstractHttp11Processor.process(AbstractHttp11Processor.java:1099)
	at org.apache.coyote.AbstractProtocol$AbstractConnectionHandler.process(AbstractProtocol.java:672)
	at org.apache.tomcat.util.net.NioEndpoint$SocketProcessor.doRun(NioEndpoint.java:1520)
	at org.apache.tomcat.util.net.NioEndpoint$SocketProcessor.run(NioEndpoint.java:1476)
	at java.util.concurrent.ThreadPoolExecutor.runWorker(ThreadPoolExecutor.java:1142)
	at java.util.concurrent.ThreadPoolExecutor$Worker.run(ThreadPoolExecutor.java:617)
	at org.apache.tomcat.util.threads.TaskThread$WrappingRunnable.run(TaskThread.java:61)
	at java.lang.Thread.run(Thread.java:745)
"
"ERROR","http-nio-8080-exec-4","07/23/2016","06:44:03","","query tag;lucee.runtime.exp.DatabaseException
ERROR: column guests.g_paused does not exist;lucee.runtime.exp.DatabaseException: 
	at org.postgresql.core.v3.QueryExecutorImpl.receiveErrorResponse(QueryExecutorImpl.java:1608)
	at org.postgresql.core.v3.QueryExecutorImpl.processResults(QueryExecutorImpl.java:1343)
	at org.postgresql.core.v3.QueryExecutorImpl.execute(QueryExecutorImpl.java:194)
	at org.postgresql.jdbc2.AbstractJdbc2Statement.execute(AbstractJdbc2Statement.java:470)
	at org.postgresql.jdbc2.AbstractJdbc2Statement.executeWithFlags(AbstractJdbc2Statement.java:355)
	at org.postgresql.jdbc2.AbstractJdbc2Statement.execute(AbstractJdbc2Statement.java:347)
	at lucee.runtime.type.util.QueryUtil.execute(QueryUtil.java:257)
	at lucee.runtime.type.QueryImpl.execute(QueryImpl.java:265)
	at lucee.runtime.type.QueryImpl.<init>(QueryImpl.java:219)
	at lucee.runtime.tag.Query.executeDatasoure(Query.java:820)
	at lucee.runtime.tag.Query.doEndTag(Query.java:583)
	at staff.include._247access_cfm$cf.call(/home/cybatrol/staff/include/247Access.cfm:17)
	at lucee.runtime.PageContextImpl._doInclude(PageContextImpl.java:893)
	at lucee.runtime.PageContextImpl.doInclude(PageContextImpl.java:808)
	at lucee.runtime.PageContextImpl.doInclude(PageContextImpl.java:803)
	at lucee.runtime.PageContextImpl.doInclude(PageContextImpl.java:794)
	at staff.index_cfm$cf.call(/home/cybatrol/staff/index.cfm:51)
	at lucee.runtime.PageContextImpl._doInclude(PageContextImpl.java:893)
	at lucee.runtime.PageContextImpl.doInclude(PageContextImpl.java:808)
	at lucee.runtime.PageContextImpl.doInclude(PageContextImpl.java:803)
	at lucee.runtime.listener.ClassicAppListener._onRequest(ClassicAppListener.java:62)
	at lucee.runtime.listener.MixedAppListener.onRequest(MixedAppListener.java:44)
	at lucee.runtime.PageContextImpl.execute(PageContextImpl.java:2250)
	at lucee.runtime.PageContextImpl._execute(PageContextImpl.java:2242)
	at lucee.runtime.PageContextImpl.executeCFML(PageContextImpl.java:2210)
	at lucee.runtime.engine.CFMLEngineImpl.serviceCFML(CFMLEngineImpl.java:846)
	at lucee.loader.engine.CFMLEngineWrapper.serviceCFML(CFMLEngineWrapper.java:103)
	at lucee.loader.servlet.CFMLServlet.service(CFMLServlet.java:62)
	at javax.servlet.http.HttpServlet.service(HttpServlet.java:729)
	at org.apache.catalina.core.ApplicationFilterChain.internalDoFilter(ApplicationFilterChain.java:292)
	at org.apache.catalina.core.ApplicationFilterChain.doFilter(ApplicationFilterChain.java:207)
	at org.apache.tomcat.websocket.server.WsFilter.doFilter(WsFilter.java:52)
	at org.apache.catalina.core.ApplicationFilterChain.internalDoFilter(ApplicationFilterChain.java:240)
	at org.apache.catalina.core.ApplicationFilterChain.doFilter(ApplicationFilterChain.java:207)
	at org.apache.catalina.core.StandardWrapperValve.invoke(StandardWrapperValve.java:212)
	at org.apache.catalina.core.StandardContextValve.invoke(StandardContextValve.java:106)
	at org.apache.catalina.authenticator.AuthenticatorBase.invoke(AuthenticatorBase.java:502)
	at org.apache.catalina.core.StandardHostValve.invoke(StandardHostValve.java:141)
	at org.apache.catalina.valves.ErrorReportValve.invoke(ErrorReportValve.java:79)
	at org.apache.catalina.core.StandardEngineValve.invoke(StandardEngineValve.java:88)
	at org.apache.catalina.connector.CoyoteAdapter.service(CoyoteAdapter.java:528)
	at org.apache.coyote.http11.AbstractHttp11Processor.process(AbstractHttp11Processor.java:1099)
	at org.apache.coyote.AbstractProtocol$AbstractConnectionHandler.process(AbstractProtocol.java:672)
	at org.apache.tomcat.util.net.NioEndpoint$SocketProcessor.doRun(NioEndpoint.java:1520)
	at org.apache.tomcat.util.net.NioEndpoint$SocketProcessor.run(NioEndpoint.java:1476)
	at java.util.concurrent.ThreadPoolExecutor.runWorker(ThreadPoolExecutor.java:1142)
	at java.util.concurrent.ThreadPoolExecutor$Worker.run(ThreadPoolExecutor.java:617)
	at org.apache.tomcat.util.threads.TaskThread$WrappingRunnable.run(TaskThread.java:61)
	at java.lang.Thread.run(Thread.java:745)
"
"ERROR","http-nio-8080-exec-5","07/23/2016","06:49:44","","query tag;lucee.runtime.exp.DatabaseException
ERROR: column guests.g_paused does not exist;lucee.runtime.exp.DatabaseException: 
	at org.postgresql.core.v3.QueryExecutorImpl.receiveErrorResponse(QueryExecutorImpl.java:1608)
	at org.postgresql.core.v3.QueryExecutorImpl.processResults(QueryExecutorImpl.java:1343)
	at org.postgresql.core.v3.QueryExecutorImpl.execute(QueryExecutorImpl.java:194)
	at org.postgresql.jdbc2.AbstractJdbc2Statement.execute(AbstractJdbc2Statement.java:470)
	at org.postgresql.jdbc2.AbstractJdbc2Statement.executeWithFlags(AbstractJdbc2Statement.java:355)
	at org.postgresql.jdbc2.AbstractJdbc2Statement.execute(AbstractJdbc2Statement.java:347)
	at lucee.runtime.type.util.QueryUtil.execute(QueryUtil.java:257)
	at lucee.runtime.type.QueryImpl.execute(QueryImpl.java:265)
	at lucee.runtime.type.QueryImpl.<init>(QueryImpl.java:219)
	at lucee.runtime.tag.Query.executeDatasoure(Query.java:820)
	at lucee.runtime.tag.Query.doEndTag(Query.java:583)
	at staff.include._247access_cfm$cf.call(/home/cybatrol/staff/include/247Access.cfm:17)
	at lucee.runtime.PageContextImpl._doInclude(PageContextImpl.java:893)
	at lucee.runtime.PageContextImpl.doInclude(PageContextImpl.java:808)
	at lucee.runtime.PageContextImpl.doInclude(PageContextImpl.java:803)
	at lucee.runtime.PageContextImpl.doInclude(PageContextImpl.java:794)
	at staff.index_cfm$cf.call(/home/cybatrol/staff/index.cfm:51)
	at lucee.runtime.PageContextImpl._doInclude(PageContextImpl.java:893)
	at lucee.runtime.PageContextImpl.doInclude(PageContextImpl.java:808)
	at lucee.runtime.PageContextImpl.doInclude(PageContextImpl.java:803)
	at lucee.runtime.listener.ClassicAppListener._onRequest(ClassicAppListener.java:62)
	at lucee.runtime.listener.MixedAppListener.onRequest(MixedAppListener.java:44)
	at lucee.runtime.PageContextImpl.execute(PageContextImpl.java:2250)
	at lucee.runtime.PageContextImpl._execute(PageContextImpl.java:2242)
	at lucee.runtime.PageContextImpl.executeCFML(PageContextImpl.java:2210)
	at lucee.runtime.engine.CFMLEngineImpl.serviceCFML(CFMLEngineImpl.java:846)
	at lucee.loader.engine.CFMLEngineWrapper.serviceCFML(CFMLEngineWrapper.java:103)
	at lucee.loader.servlet.CFMLServlet.service(CFMLServlet.java:62)
	at javax.servlet.http.HttpServlet.service(HttpServlet.java:729)
	at org.apache.catalina.core.ApplicationFilterChain.internalDoFilter(ApplicationFilterChain.java:292)
	at org.apache.catalina.core.ApplicationFilterChain.doFilter(ApplicationFilterChain.java:207)
	at org.apache.tomcat.websocket.server.WsFilter.doFilter(WsFilter.java:52)
	at org.apache.catalina.core.ApplicationFilterChain.internalDoFilter(ApplicationFilterChain.java:240)
	at org.apache.catalina.core.ApplicationFilterChain.doFilter(ApplicationFilterChain.java:207)
	at org.apache.catalina.core.StandardWrapperValve.invoke(StandardWrapperValve.java:212)
	at org.apache.catalina.core.StandardContextValve.invoke(StandardContextValve.java:106)
	at org.apache.catalina.authenticator.AuthenticatorBase.invoke(AuthenticatorBase.java:502)
	at org.apache.catalina.core.StandardHostValve.invoke(StandardHostValve.java:141)
	at org.apache.catalina.valves.ErrorReportValve.invoke(ErrorReportValve.java:79)
	at org.apache.catalina.core.StandardEngineValve.invoke(StandardEngineValve.java:88)
	at org.apache.catalina.connector.CoyoteAdapter.service(CoyoteAdapter.java:528)
	at org.apache.coyote.http11.AbstractHttp11Processor.process(AbstractHttp11Processor.java:1099)
	at org.apache.coyote.AbstractProtocol$AbstractConnectionHandler.process(AbstractProtocol.java:672)
	at org.apache.tomcat.util.net.NioEndpoint$SocketProcessor.doRun(NioEndpoint.java:1520)
	at org.apache.tomcat.util.net.NioEndpoint$SocketProcessor.run(NioEndpoint.java:1476)
	at java.util.concurrent.ThreadPoolExecutor.runWorker(ThreadPoolExecutor.java:1142)
	at java.util.concurrent.ThreadPoolExecutor$Worker.run(ThreadPoolExecutor.java:617)
	at org.apache.tomcat.util.threads.TaskThread$WrappingRunnable.run(TaskThread.java:61)
	at java.lang.Thread.run(Thread.java:745)
"
"ERROR","http-nio-8080-exec-3","07/23/2016","06:49:49","","query tag;lucee.runtime.exp.DatabaseException
ERROR: column guests.g_paused does not exist;lucee.runtime.exp.DatabaseException: 
	at org.postgresql.core.v3.QueryExecutorImpl.receiveErrorResponse(QueryExecutorImpl.java:1608)
	at org.postgresql.core.v3.QueryExecutorImpl.processResults(QueryExecutorImpl.java:1343)
	at org.postgresql.core.v3.QueryExecutorImpl.execute(QueryExecutorImpl.java:194)
	at org.postgresql.jdbc2.AbstractJdbc2Statement.execute(AbstractJdbc2Statement.java:470)
	at org.postgresql.jdbc2.AbstractJdbc2Statement.executeWithFlags(AbstractJdbc2Statement.java:355)
	at org.postgresql.jdbc2.AbstractJdbc2Statement.execute(AbstractJdbc2Statement.java:347)
	at lucee.runtime.type.util.QueryUtil.execute(QueryUtil.java:257)
	at lucee.runtime.type.QueryImpl.execute(QueryImpl.java:265)
	at lucee.runtime.type.QueryImpl.<init>(QueryImpl.java:219)
	at lucee.runtime.tag.Query.executeDatasoure(Query.java:820)
	at lucee.runtime.tag.Query.doEndTag(Query.java:583)
	at staff.include._247access_cfm$cf.call(/home/cybatrol/staff/include/247Access.cfm:17)
	at lucee.runtime.PageContextImpl._doInclude(PageContextImpl.java:893)
	at lucee.runtime.PageContextImpl.doInclude(PageContextImpl.java:808)
	at lucee.runtime.PageContextImpl.doInclude(PageContextImpl.java:803)
	at lucee.runtime.PageContextImpl.doInclude(PageContextImpl.java:794)
	at staff.index_cfm$cf.call(/home/cybatrol/staff/index.cfm:51)
	at lucee.runtime.PageContextImpl._doInclude(PageContextImpl.java:893)
	at lucee.runtime.PageContextImpl.doInclude(PageContextImpl.java:808)
	at lucee.runtime.PageContextImpl.doInclude(PageContextImpl.java:803)
	at lucee.runtime.listener.ClassicAppListener._onRequest(ClassicAppListener.java:62)
	at lucee.runtime.listener.MixedAppListener.onRequest(MixedAppListener.java:44)
	at lucee.runtime.PageContextImpl.execute(PageContextImpl.java:2250)
	at lucee.runtime.PageContextImpl._execute(PageContextImpl.java:2242)
	at lucee.runtime.PageContextImpl.executeCFML(PageContextImpl.java:2210)
	at lucee.runtime.engine.CFMLEngineImpl.serviceCFML(CFMLEngineImpl.java:846)
	at lucee.loader.engine.CFMLEngineWrapper.serviceCFML(CFMLEngineWrapper.java:103)
	at lucee.loader.servlet.CFMLServlet.service(CFMLServlet.java:62)
	at javax.servlet.http.HttpServlet.service(HttpServlet.java:729)
	at org.apache.catalina.core.ApplicationFilterChain.internalDoFilter(ApplicationFilterChain.java:292)
	at org.apache.catalina.core.ApplicationFilterChain.doFilter(ApplicationFilterChain.java:207)
	at org.apache.tomcat.websocket.server.WsFilter.doFilter(WsFilter.java:52)
	at org.apache.catalina.core.ApplicationFilterChain.internalDoFilter(ApplicationFilterChain.java:240)
	at org.apache.catalina.core.ApplicationFilterChain.doFilter(ApplicationFilterChain.java:207)
	at org.apache.catalina.core.StandardWrapperValve.invoke(StandardWrapperValve.java:212)
	at org.apache.catalina.core.StandardContextValve.invoke(StandardContextValve.java:106)
	at org.apache.catalina.authenticator.AuthenticatorBase.invoke(AuthenticatorBase.java:502)
	at org.apache.catalina.core.StandardHostValve.invoke(StandardHostValve.java:141)
	at org.apache.catalina.valves.ErrorReportValve.invoke(ErrorReportValve.java:79)
	at org.apache.catalina.core.StandardEngineValve.invoke(StandardEngineValve.java:88)
	at org.apache.catalina.connector.CoyoteAdapter.service(CoyoteAdapter.java:528)
	at org.apache.coyote.http11.AbstractHttp11Processor.process(AbstractHttp11Processor.java:1099)
	at org.apache.coyote.AbstractProtocol$AbstractConnectionHandler.process(AbstractProtocol.java:672)
	at org.apache.tomcat.util.net.NioEndpoint$SocketProcessor.doRun(NioEndpoint.java:1520)
	at org.apache.tomcat.util.net.NioEndpoint$SocketProcessor.run(NioEndpoint.java:1476)
	at java.util.concurrent.ThreadPoolExecutor.runWorker(ThreadPoolExecutor.java:1142)
	at java.util.concurrent.ThreadPoolExecutor$Worker.run(ThreadPoolExecutor.java:617)
	at org.apache.tomcat.util.threads.TaskThread$WrappingRunnable.run(TaskThread.java:61)
	at java.lang.Thread.run(Thread.java:745)
"
"ERROR","http-nio-8080-exec-8","07/23/2016","06:52:20","","query tag;lucee.runtime.exp.DatabaseException
ERROR: syntax error at end of input;lucee.runtime.exp.DatabaseException: 
	at org.postgresql.core.v3.QueryExecutorImpl.receiveErrorResponse(QueryExecutorImpl.java:1608)
	at org.postgresql.core.v3.QueryExecutorImpl.processResults(QueryExecutorImpl.java:1343)
	at org.postgresql.core.v3.QueryExecutorImpl.execute(QueryExecutorImpl.java:194)
	at org.postgresql.jdbc2.AbstractJdbc2Statement.execute(AbstractJdbc2Statement.java:470)
	at org.postgresql.jdbc2.AbstractJdbc2Statement.executeWithFlags(AbstractJdbc2Statement.java:355)
	at org.postgresql.jdbc2.AbstractJdbc2Statement.execute(AbstractJdbc2Statement.java:347)
	at lucee.runtime.type.util.QueryUtil.execute(QueryUtil.java:257)
	at lucee.runtime.type.QueryImpl.execute(QueryImpl.java:265)
	at lucee.runtime.type.QueryImpl.<init>(QueryImpl.java:219)
	at lucee.runtime.tag.Query.executeDatasoure(Query.java:820)
	at lucee.runtime.tag.Query.doEndTag(Query.java:583)
	at staff.popup.guestannounce3_cfm$cf.call(/home/cybatrol/staff/popup/guestAnnounce3.cfm:12)
	at lucee.runtime.PageContextImpl._doInclude(PageContextImpl.java:893)
	at lucee.runtime.PageContextImpl.doInclude(PageContextImpl.java:808)
	at lucee.runtime.PageContextImpl.doInclude(PageContextImpl.java:803)
	at lucee.runtime.listener.ClassicAppListener._onRequest(ClassicAppListener.java:62)
	at lucee.runtime.listener.MixedAppListener.onRequest(MixedAppListener.java:44)
	at lucee.runtime.PageContextImpl.execute(PageContextImpl.java:2250)
	at lucee.runtime.PageContextImpl._execute(PageContextImpl.java:2242)
	at lucee.runtime.PageContextImpl.executeCFML(PageContextImpl.java:2210)
	at lucee.runtime.engine.CFMLEngineImpl.serviceCFML(CFMLEngineImpl.java:846)
	at lucee.loader.engine.CFMLEngineWrapper.serviceCFML(CFMLEngineWrapper.java:103)
	at lucee.loader.servlet.CFMLServlet.service(CFMLServlet.java:62)
	at javax.servlet.http.HttpServlet.service(HttpServlet.java:729)
	at org.apache.catalina.core.ApplicationFilterChain.internalDoFilter(ApplicationFilterChain.java:292)
	at org.apache.catalina.core.ApplicationFilterChain.doFilter(ApplicationFilterChain.java:207)
	at org.apache.tomcat.websocket.server.WsFilter.doFilter(WsFilter.java:52)
	at org.apache.catalina.core.ApplicationFilterChain.internalDoFilter(ApplicationFilterChain.java:240)
	at org.apache.catalina.core.ApplicationFilterChain.doFilter(ApplicationFilterChain.java:207)
	at org.apache.catalina.core.StandardWrapperValve.invoke(StandardWrapperValve.java:212)
	at org.apache.catalina.core.StandardContextValve.invoke(StandardContextValve.java:106)
	at org.apache.catalina.authenticator.AuthenticatorBase.invoke(AuthenticatorBase.java:502)
	at org.apache.catalina.core.StandardHostValve.invoke(StandardHostValve.java:141)
	at org.apache.catalina.valves.ErrorReportValve.invoke(ErrorReportValve.java:79)
	at org.apache.catalina.core.StandardEngineValve.invoke(StandardEngineValve.java:88)
	at org.apache.catalina.connector.CoyoteAdapter.service(CoyoteAdapter.java:528)
	at org.apache.coyote.http11.AbstractHttp11Processor.process(AbstractHttp11Processor.java:1099)
	at org.apache.coyote.AbstractProtocol$AbstractConnectionHandler.process(AbstractProtocol.java:672)
	at org.apache.tomcat.util.net.NioEndpoint$SocketProcessor.doRun(NioEndpoint.java:1520)
	at org.apache.tomcat.util.net.NioEndpoint$SocketProcessor.run(NioEndpoint.java:1476)
	at java.util.concurrent.ThreadPoolExecutor.runWorker(ThreadPoolExecutor.java:1142)
	at java.util.concurrent.ThreadPoolExecutor$Worker.run(ThreadPoolExecutor.java:617)
	at org.apache.tomcat.util.threads.TaskThread$WrappingRunnable.run(TaskThread.java:61)
	at java.lang.Thread.run(Thread.java:745)
"
"ERROR","http-nio-8080-exec-9","07/25/2016","14:40:56","","query tag;lucee.runtime.exp.DatabaseException
ERROR: column ""password_reset_token"" of relation ""residents"" does not exist;lucee.runtime.exp.DatabaseException: 
	at org.postgresql.core.v3.QueryExecutorImpl.receiveErrorResponse(QueryExecutorImpl.java:1608)
	at org.postgresql.core.v3.QueryExecutorImpl.processResults(QueryExecutorImpl.java:1343)
	at org.postgresql.core.v3.QueryExecutorImpl.execute(QueryExecutorImpl.java:194)
	at org.postgresql.jdbc2.AbstractJdbc2Statement.execute(AbstractJdbc2Statement.java:470)
	at org.postgresql.jdbc2.AbstractJdbc2Statement.executeWithFlags(AbstractJdbc2Statement.java:369)
	at org.postgresql.jdbc2.AbstractJdbc2Statement.execute(AbstractJdbc2Statement.java:362)
	at lucee.runtime.type.util.QueryUtil.execute(QueryUtil.java:265)
	at lucee.runtime.type.QueryImpl.execute(QueryImpl.java:274)
	at lucee.runtime.type.QueryImpl.<init>(QueryImpl.java:219)
	at lucee.runtime.tag.Query.executeDatasoure(Query.java:820)
	at lucee.runtime.tag.Query.doEndTag(Query.java:583)
	at login.forgot_cfm$cf.call(/home/cybatrol/login/forgot.cfm:75)
	at lucee.runtime.PageContextImpl._doInclude(PageContextImpl.java:893)
	at lucee.runtime.PageContextImpl.doInclude(PageContextImpl.java:808)
	at lucee.runtime.PageContextImpl.doInclude(PageContextImpl.java:803)
	at lucee.runtime.listener.ClassicAppListener._onRequest(ClassicAppListener.java:62)
	at lucee.runtime.listener.MixedAppListener.onRequest(MixedAppListener.java:44)
	at lucee.runtime.PageContextImpl.execute(PageContextImpl.java:2250)
	at lucee.runtime.PageContextImpl._execute(PageContextImpl.java:2242)
	at lucee.runtime.PageContextImpl.executeCFML(PageContextImpl.java:2210)
	at lucee.runtime.engine.CFMLEngineImpl.serviceCFML(CFMLEngineImpl.java:846)
	at lucee.loader.engine.CFMLEngineWrapper.serviceCFML(CFMLEngineWrapper.java:103)
	at lucee.loader.servlet.CFMLServlet.service(CFMLServlet.java:62)
	at javax.servlet.http.HttpServlet.service(HttpServlet.java:729)
	at org.apache.catalina.core.ApplicationFilterChain.internalDoFilter(ApplicationFilterChain.java:292)
	at org.apache.catalina.core.ApplicationFilterChain.doFilter(ApplicationFilterChain.java:207)
	at org.apache.tomcat.websocket.server.WsFilter.doFilter(WsFilter.java:52)
	at org.apache.catalina.core.ApplicationFilterChain.internalDoFilter(ApplicationFilterChain.java:240)
	at org.apache.catalina.core.ApplicationFilterChain.doFilter(ApplicationFilterChain.java:207)
	at org.apache.catalina.core.StandardWrapperValve.invoke(StandardWrapperValve.java:212)
	at org.apache.catalina.core.StandardContextValve.invoke(StandardContextValve.java:106)
	at org.apache.catalina.authenticator.AuthenticatorBase.invoke(AuthenticatorBase.java:502)
	at org.apache.catalina.core.StandardHostValve.invoke(StandardHostValve.java:141)
	at org.apache.catalina.valves.ErrorReportValve.invoke(ErrorReportValve.java:79)
	at org.apache.catalina.core.StandardEngineValve.invoke(StandardEngineValve.java:88)
	at org.apache.catalina.connector.CoyoteAdapter.service(CoyoteAdapter.java:528)
	at org.apache.coyote.http11.AbstractHttp11Processor.process(AbstractHttp11Processor.java:1099)
	at org.apache.coyote.AbstractProtocol$AbstractConnectionHandler.process(AbstractProtocol.java:672)
	at org.apache.tomcat.util.net.NioEndpoint$SocketProcessor.doRun(NioEndpoint.java:1520)
	at org.apache.tomcat.util.net.NioEndpoint$SocketProcessor.run(NioEndpoint.java:1476)
	at java.util.concurrent.ThreadPoolExecutor.runWorker(ThreadPoolExecutor.java:1142)
	at java.util.concurrent.ThreadPoolExecutor$Worker.run(ThreadPoolExecutor.java:617)
	at org.apache.tomcat.util.threads.TaskThread$WrappingRunnable.run(TaskThread.java:61)
	at java.lang.Thread.run(Thread.java:745)
"
"ERROR","http-nio-8080-exec-4","07/28/2016","14:36:31","","query tag;lucee.runtime.exp.DatabaseException
ERROR: invalid input syntax for type timestamp: ""07/28/2016 hh:07:ss"";lucee.runtime.exp.DatabaseException: 
	at org.postgresql.core.v3.QueryExecutorImpl.receiveErrorResponse(QueryExecutorImpl.java:1608)
	at org.postgresql.core.v3.QueryExecutorImpl.processResults(QueryExecutorImpl.java:1343)
	at org.postgresql.core.v3.QueryExecutorImpl.execute(QueryExecutorImpl.java:194)
	at org.postgresql.jdbc2.AbstractJdbc2Statement.execute(AbstractJdbc2Statement.java:470)
	at org.postgresql.jdbc2.AbstractJdbc2Statement.executeWithFlags(AbstractJdbc2Statement.java:355)
	at org.postgresql.jdbc2.AbstractJdbc2Statement.execute(AbstractJdbc2Statement.java:347)
	at lucee.runtime.type.util.QueryUtil.execute(QueryUtil.java:257)
	at lucee.runtime.type.QueryImpl.execute(QueryImpl.java:265)
	at lucee.runtime.type.QueryImpl.<init>(QueryImpl.java:219)
	at lucee.runtime.tag.Query.executeDatasoure(Query.java:820)
	at lucee.runtime.tag.Query.doEndTag(Query.java:583)
	at signup.inc.act_createcommunity_cfm$cf.call(/home/cybatrol/signup/inc/act_createCommunity.cfm:66)
	at lucee.runtime.PageContextImpl._doInclude(PageContextImpl.java:893)
	at lucee.runtime.PageContextImpl.doInclude(PageContextImpl.java:808)
	at lucee.runtime.PageContextImpl.doInclude(PageContextImpl.java:803)
	at lucee.runtime.PageContextImpl.doInclude(PageContextImpl.java:794)
	at signup.index_cfm$cf.call(/home/cybatrol/signup/index.cfm:93)
	at lucee.runtime.PageContextImpl._doInclude(PageContextImpl.java:893)
	at lucee.runtime.PageContextImpl.doInclude(PageContextImpl.java:808)
	at lucee.runtime.PageContextImpl.doInclude(PageContextImpl.java:803)
	at lucee.runtime.listener.ModernAppListener._onRequest(ModernAppListener.java:226)
	at lucee.runtime.listener.MixedAppListener.onRequest(MixedAppListener.java:43)
	at lucee.runtime.PageContextImpl.execute(PageContextImpl.java:2250)
	at lucee.runtime.PageContextImpl._execute(PageContextImpl.java:2242)
	at lucee.runtime.PageContextImpl.executeCFML(PageContextImpl.java:2210)
	at lucee.runtime.engine.CFMLEngineImpl.serviceCFML(CFMLEngineImpl.java:846)
	at lucee.loader.engine.CFMLEngineWrapper.serviceCFML(CFMLEngineWrapper.java:103)
	at lucee.loader.servlet.CFMLServlet.service(CFMLServlet.java:62)
	at javax.servlet.http.HttpServlet.service(HttpServlet.java:729)
	at org.apache.catalina.core.ApplicationFilterChain.internalDoFilter(ApplicationFilterChain.java:292)
	at org.apache.catalina.core.ApplicationFilterChain.doFilter(ApplicationFilterChain.java:207)
	at org.apache.tomcat.websocket.server.WsFilter.doFilter(WsFilter.java:52)
	at org.apache.catalina.core.ApplicationFilterChain.internalDoFilter(ApplicationFilterChain.java:240)
	at org.apache.catalina.core.ApplicationFilterChain.doFilter(ApplicationFilterChain.java:207)
	at org.apache.catalina.core.StandardWrapperValve.invoke(StandardWrapperValve.java:212)
	at org.apache.catalina.core.StandardContextValve.invoke(StandardContextValve.java:106)
	at org.apache.catalina.authenticator.AuthenticatorBase.invoke(AuthenticatorBase.java:502)
	at org.apache.catalina.core.StandardHostValve.invoke(StandardHostValve.java:141)
	at org.apache.catalina.valves.ErrorReportValve.invoke(ErrorReportValve.java:79)
	at org.apache.catalina.core.StandardEngineValve.invoke(StandardEngineValve.java:88)
	at org.apache.catalina.connector.CoyoteAdapter.service(CoyoteAdapter.java:528)
	at org.apache.coyote.http11.AbstractHttp11Processor.process(AbstractHttp11Processor.java:1099)
	at org.apache.coyote.AbstractProtocol$AbstractConnectionHandler.process(AbstractProtocol.java:672)
	at org.apache.tomcat.util.net.NioEndpoint$SocketProcessor.doRun(NioEndpoint.java:1520)
	at org.apache.tomcat.util.net.NioEndpoint$SocketProcessor.run(NioEndpoint.java:1476)
	at java.util.concurrent.ThreadPoolExecutor.runWorker(ThreadPoolExecutor.java:1142)
	at java.util.concurrent.ThreadPoolExecutor$Worker.run(ThreadPoolExecutor.java:617)
	at org.apache.tomcat.util.threads.TaskThread$WrappingRunnable.run(TaskThread.java:61)
	at java.lang.Thread.run(Thread.java:745)
"
